2021-06-30 16:34:17.717  INFO 10323 --- [main] c.a.k.SpringKotlinExampleApplicationKt   : Starting SpringKotlinExampleApplicationKt using Java 11.0.11 on alejandro-IdeaPad with PID 10323 (/home/alejandro/Projects/Spring/spring-kotlin-example/target/classes started by alejandro in /home/alejandro/Projects/Spring/spring-kotlin-example)
2021-06-30 16:34:17.721  INFO 10323 --- [main] c.a.k.SpringKotlinExampleApplicationKt   : No active profile set, falling back to default profiles: default
2021-06-30 16:34:18.099  INFO 10323 --- [main] .s.d.r.c.RepositoryConfigurationDelegate : Bootstrapping Spring Data JPA repositories in DEFAULT mode.
2021-06-30 16:34:18.128  INFO 10323 --- [main] .s.d.r.c.RepositoryConfigurationDelegate : Finished Spring Data repository scanning in 24 ms. Found 2 JPA repository interfaces.
2021-06-30 16:34:18.345  INFO 10323 --- [main] o.s.b.w.embedded.tomcat.TomcatWebServer  : Tomcat initialized with port(s): 8080 (http)
2021-06-30 16:34:18.349  INFO 10323 --- [main] o.apache.catalina.core.StandardService   : Starting service [Tomcat]
2021-06-30 16:34:18.349  INFO 10323 --- [main] org.apache.catalina.core.StandardEngine  : Starting Servlet engine: [Apache Tomcat/9.0.46]
2021-06-30 16:34:18.397  INFO 10323 --- [main] o.a.c.c.C.[Tomcat].[localhost].[/]       : Initializing Spring embedded WebApplicationContext
2021-06-30 16:34:18.397  INFO 10323 --- [main] w.s.c.ServletWebServerApplicationContext : Root WebApplicationContext: initialization completed in 645 ms
2021-06-30 16:34:18.463  INFO 10323 --- [main] com.zaxxer.hikari.HikariDataSource       : HikariPool-1 - Starting...
2021-06-30 16:34:18.509  INFO 10323 --- [main] com.zaxxer.hikari.HikariDataSource       : HikariPool-1 - Start completed.
2021-06-30 16:34:18.562  INFO 10323 --- [main] o.hibernate.jpa.internal.util.LogHelper  : HHH000204: Processing PersistenceUnitInfo [name: default]
2021-06-30 16:34:18.584  INFO 10323 --- [main] org.hibernate.Version                    : HHH000412: Hibernate ORM core version 5.4.32.Final
2021-06-30 16:34:18.654  INFO 10323 --- [main] o.hibernate.annotations.common.Version   : HCANN000001: Hibernate Commons Annotations {5.1.2.Final}
2021-06-30 16:34:18.723  INFO 10323 --- [main] org.hibernate.dialect.Dialect            : HHH000400: Using dialect: org.hibernate.dialect.PostgreSQLDialect
2021-06-30 16:34:18.937  INFO 10323 --- [main] o.h.e.t.j.p.i.JtaPlatformInitiator       : HHH000490: Using JtaPlatform implementation: [org.hibernate.engine.transaction.jta.platform.internal.NoJtaPlatform]
2021-06-30 16:34:18.942  INFO 10323 --- [main] j.LocalContainerEntityManagerFactoryBean : Initialized JPA EntityManagerFactory for persistence unit 'default'
2021-06-30 16:34:19.144  WARN 10323 --- [main] JpaBaseConfiguration$JpaWebConfiguration : spring.jpa.open-in-view is enabled by default. Therefore, database queries may be performed during view rendering. Explicitly configure spring.jpa.open-in-view to disable this warning
2021-06-30 16:34:19.308  INFO 10323 --- [main] o.s.b.w.embedded.tomcat.TomcatWebServer  : Tomcat started on port(s): 8080 (http) with context path ''
2021-06-30 16:34:19.314  INFO 10323 --- [main] c.a.k.SpringKotlinExampleApplicationKt   : Started SpringKotlinExampleApplicationKt in 1.818 seconds (JVM running for 2.026)
2021-06-30 16:34:45.742  INFO 10323 --- [http-nio-8080-exec-1] o.a.c.c.C.[Tomcat].[localhost].[/]       : Initializing Spring DispatcherServlet 'dispatcherServlet'
2021-06-30 16:34:45.743  INFO 10323 --- [http-nio-8080-exec-1] o.s.web.servlet.DispatcherServlet        : Initializing Servlet 'dispatcherServlet'
2021-06-30 16:34:45.744  INFO 10323 --- [http-nio-8080-exec-1] o.s.web.servlet.DispatcherServlet        : Completed initialization in 1 ms
2021-06-30 16:34:45.819 DEBUG 10323 --- [http-nio-8080-exec-1] org.hibernate.SQL                        : select count(*) as col_0_0_ from company companyent0_ where companyent0_.id=?
2021-06-30 16:34:45.821 TRACE 10323 --- [http-nio-8080-exec-1] o.h.type.descriptor.sql.BasicBinder      : binding parameter [1] as [BIGINT] - [1]
2021-06-30 16:34:45.831 DEBUG 10323 --- [http-nio-8080-exec-1] org.hibernate.SQL                        : select companyent0_.id as id1_0_0_, companyent0_.foundation_date as foundati2_0_0_, companyent0_.founder as founder3_0_0_, companyent0_.logo as logo4_0_0_, companyent0_.name as name5_0_0_ from company companyent0_ where companyent0_.id=?
2021-06-30 16:34:45.831 TRACE 10323 --- [http-nio-8080-exec-1] o.h.type.descriptor.sql.BasicBinder      : binding parameter [1] as [BIGINT] - [1]
2021-06-30 16:34:45.863 DEBUG 10323 --- [http-nio-8080-exec-1] org.hibernate.SQL                        : select websites0_.id_company as id_compa5_1_0_, websites0_.id as id1_1_0_, websites0_.id as id1_1_1_, websites0_.category as category2_1_1_, websites0_.id_company as id_compa5_1_1_, websites0_.description as descript3_1_1_, websites0_.name as name4_1_1_ from web_site websites0_ where websites0_.id_company=?
2021-06-30 16:34:45.863 TRACE 10323 --- [http-nio-8080-exec-1] o.h.type.descriptor.sql.BasicBinder      : binding parameter [1] as [BIGINT] - [1]
2021-06-30 16:34:45.868  INFO 10323 --- [http-nio-8080-exec-1] c.a.k.SpringKotlinExampleApplication     : Find by id: {"id":1,"name":"Facebook","founder":"Mark Zuckerberg","logo":null,"foundationDate":[2004,2,4],"webSites":[{"id":3,"name":"Whatsapp","category":"SERVICES","description":"Is an American chat service owned by Facebook, Inc."},{"id":2,"name":"Instagram","category":"SOCIAL_NETWORK","description":"Is an American online social media and social networking service owned by Facebook, Inc."},{"id":1,"name":"Facebook","category":"SOCIAL_NETWORK","description":"Is an American online social media and social networking service owned by Facebook, Inc."}]}
2021-06-30 16:35:04.839  INFO 10323 --- [SpringApplicationShutdownHook] j.LocalContainerEntityManagerFactoryBean : Closing JPA EntityManagerFactory for persistence unit 'default'
2021-06-30 16:35:04.840  INFO 10323 --- [SpringApplicationShutdownHook] com.zaxxer.hikari.HikariDataSource       : HikariPool-1 - Shutdown initiated...
2021-06-30 16:35:04.844  INFO 10323 --- [SpringApplicationShutdownHook] com.zaxxer.hikari.HikariDataSource       : HikariPool-1 - Shutdown completed.
2021-06-30 16:43:25.089  INFO 10854 --- [main] c.a.k.SpringKotlinExampleApplicationKt   : Starting SpringKotlinExampleApplicationKt using Java 11.0.11 on alejandro-IdeaPad with PID 10854 (/home/alejandro/Projects/Spring/spring-kotlin-example/target/classes started by alejandro in /home/alejandro/Projects/Spring/spring-kotlin-example)
2021-06-30 16:43:25.090  INFO 10854 --- [main] c.a.k.SpringKotlinExampleApplicationKt   : No active profile set, falling back to default profiles: default
2021-06-30 16:43:25.420  INFO 10854 --- [main] .s.d.r.c.RepositoryConfigurationDelegate : Bootstrapping Spring Data JPA repositories in DEFAULT mode.
2021-06-30 16:43:25.447  INFO 10854 --- [main] .s.d.r.c.RepositoryConfigurationDelegate : Finished Spring Data repository scanning in 23 ms. Found 2 JPA repository interfaces.
2021-06-30 16:43:25.652  INFO 10854 --- [main] o.s.b.w.embedded.tomcat.TomcatWebServer  : Tomcat initialized with port(s): 8080 (http)
2021-06-30 16:43:25.657  INFO 10854 --- [main] o.apache.catalina.core.StandardService   : Starting service [Tomcat]
2021-06-30 16:43:25.657  INFO 10854 --- [main] org.apache.catalina.core.StandardEngine  : Starting Servlet engine: [Apache Tomcat/9.0.46]
2021-06-30 16:43:25.695  INFO 10854 --- [main] o.a.c.c.C.[Tomcat].[localhost].[/api]    : Initializing Spring embedded WebApplicationContext
2021-06-30 16:43:25.695  INFO 10854 --- [main] w.s.c.ServletWebServerApplicationContext : Root WebApplicationContext: initialization completed in 577 ms
2021-06-30 16:43:25.744  INFO 10854 --- [main] com.zaxxer.hikari.HikariDataSource       : HikariPool-1 - Starting...
2021-06-30 16:43:25.778  INFO 10854 --- [main] com.zaxxer.hikari.HikariDataSource       : HikariPool-1 - Start completed.
2021-06-30 16:43:25.820  INFO 10854 --- [main] o.hibernate.jpa.internal.util.LogHelper  : HHH000204: Processing PersistenceUnitInfo [name: default]
2021-06-30 16:43:25.836  INFO 10854 --- [main] org.hibernate.Version                    : HHH000412: Hibernate ORM core version 5.4.32.Final
2021-06-30 16:43:25.878  INFO 10854 --- [main] o.hibernate.annotations.common.Version   : HCANN000001: Hibernate Commons Annotations {5.1.2.Final}
2021-06-30 16:43:25.925  INFO 10854 --- [main] org.hibernate.dialect.Dialect            : HHH000400: Using dialect: org.hibernate.dialect.PostgreSQLDialect
2021-06-30 16:43:26.125  INFO 10854 --- [main] o.h.e.t.j.p.i.JtaPlatformInitiator       : HHH000490: Using JtaPlatform implementation: [org.hibernate.engine.transaction.jta.platform.internal.NoJtaPlatform]
2021-06-30 16:43:26.129  INFO 10854 --- [main] j.LocalContainerEntityManagerFactoryBean : Initialized JPA EntityManagerFactory for persistence unit 'default'
2021-06-30 16:43:26.329  WARN 10854 --- [main] JpaBaseConfiguration$JpaWebConfiguration : spring.jpa.open-in-view is enabled by default. Therefore, database queries may be performed during view rendering. Explicitly configure spring.jpa.open-in-view to disable this warning
2021-06-30 16:43:26.478  INFO 10854 --- [main] o.s.b.w.embedded.tomcat.TomcatWebServer  : Tomcat started on port(s): 8080 (http) with context path '/api'
2021-06-30 16:43:26.484  INFO 10854 --- [main] c.a.k.SpringKotlinExampleApplicationKt   : Started SpringKotlinExampleApplicationKt in 1.584 seconds (JVM running for 1.759)
2021-06-30 16:43:35.888  INFO 10854 --- [http-nio-8080-exec-2] o.a.c.c.C.[Tomcat].[localhost].[/api]    : Initializing Spring DispatcherServlet 'dispatcherServlet'
2021-06-30 16:43:35.889  INFO 10854 --- [http-nio-8080-exec-2] o.s.web.servlet.DispatcherServlet        : Initializing Servlet 'dispatcherServlet'
2021-06-30 16:43:35.890  INFO 10854 --- [http-nio-8080-exec-2] o.s.web.servlet.DispatcherServlet        : Completed initialization in 1 ms
2021-06-30 16:43:35.910  WARN 10854 --- [http-nio-8080-exec-2] .w.s.m.s.DefaultHandlerExceptionResolver : Resolved [org.springframework.web.method.annotation.MethodArgumentTypeMismatchException: Failed to convert value of type 'java.lang.String' to required type 'long'; nested exception is java.lang.NumberFormatException: For input string: "company"]
2021-06-30 16:43:48.643  WARN 10854 --- [http-nio-8080-exec-4] .w.s.m.s.DefaultHandlerExceptionResolver : Resolved [org.springframework.web.method.annotation.MethodArgumentTypeMismatchException: Failed to convert value of type 'java.lang.String' to required type 'long'; nested exception is java.lang.NumberFormatException: For input string: "company"]
2021-06-30 16:44:30.050  INFO 10854 --- [SpringApplicationShutdownHook] j.LocalContainerEntityManagerFactoryBean : Closing JPA EntityManagerFactory for persistence unit 'default'
2021-06-30 16:44:30.052  INFO 10854 --- [SpringApplicationShutdownHook] com.zaxxer.hikari.HikariDataSource       : HikariPool-1 - Shutdown initiated...
2021-06-30 16:44:30.055  INFO 10854 --- [SpringApplicationShutdownHook] com.zaxxer.hikari.HikariDataSource       : HikariPool-1 - Shutdown completed.
2021-06-30 16:44:38.300  INFO 10997 --- [main] c.a.k.SpringKotlinExampleApplicationKt   : Starting SpringKotlinExampleApplicationKt using Java 11.0.11 on alejandro-IdeaPad with PID 10997 (/home/alejandro/Projects/Spring/spring-kotlin-example/target/classes started by alejandro in /home/alejandro/Projects/Spring/spring-kotlin-example)
2021-06-30 16:44:38.301  INFO 10997 --- [main] c.a.k.SpringKotlinExampleApplicationKt   : No active profile set, falling back to default profiles: default
2021-06-30 16:44:38.624  INFO 10997 --- [main] .s.d.r.c.RepositoryConfigurationDelegate : Bootstrapping Spring Data JPA repositories in DEFAULT mode.
2021-06-30 16:44:38.648  INFO 10997 --- [main] .s.d.r.c.RepositoryConfigurationDelegate : Finished Spring Data repository scanning in 20 ms. Found 2 JPA repository interfaces.
2021-06-30 16:44:38.844  INFO 10997 --- [main] o.s.b.w.embedded.tomcat.TomcatWebServer  : Tomcat initialized with port(s): 8080 (http)
2021-06-30 16:44:38.849  INFO 10997 --- [main] o.apache.catalina.core.StandardService   : Starting service [Tomcat]
2021-06-30 16:44:38.849  INFO 10997 --- [main] org.apache.catalina.core.StandardEngine  : Starting Servlet engine: [Apache Tomcat/9.0.46]
2021-06-30 16:44:38.878  INFO 10997 --- [main] o.a.c.c.C.[Tomcat].[localhost].[/]       : Initializing Spring embedded WebApplicationContext
2021-06-30 16:44:38.878  INFO 10997 --- [main] w.s.c.ServletWebServerApplicationContext : Root WebApplicationContext: initialization completed in 552 ms
2021-06-30 16:44:38.925  INFO 10997 --- [main] com.zaxxer.hikari.HikariDataSource       : HikariPool-1 - Starting...
2021-06-30 16:44:38.959  INFO 10997 --- [main] com.zaxxer.hikari.HikariDataSource       : HikariPool-1 - Start completed.
2021-06-30 16:44:38.999  INFO 10997 --- [main] o.hibernate.jpa.internal.util.LogHelper  : HHH000204: Processing PersistenceUnitInfo [name: default]
2021-06-30 16:44:39.015  INFO 10997 --- [main] org.hibernate.Version                    : HHH000412: Hibernate ORM core version 5.4.32.Final
2021-06-30 16:44:39.058  INFO 10997 --- [main] o.hibernate.annotations.common.Version   : HCANN000001: Hibernate Commons Annotations {5.1.2.Final}
2021-06-30 16:44:39.115  INFO 10997 --- [main] org.hibernate.dialect.Dialect            : HHH000400: Using dialect: org.hibernate.dialect.PostgreSQLDialect
2021-06-30 16:44:39.291  INFO 10997 --- [main] o.h.e.t.j.p.i.JtaPlatformInitiator       : HHH000490: Using JtaPlatform implementation: [org.hibernate.engine.transaction.jta.platform.internal.NoJtaPlatform]
2021-06-30 16:44:39.295  INFO 10997 --- [main] j.LocalContainerEntityManagerFactoryBean : Initialized JPA EntityManagerFactory for persistence unit 'default'
2021-06-30 16:44:39.474  WARN 10997 --- [main] JpaBaseConfiguration$JpaWebConfiguration : spring.jpa.open-in-view is enabled by default. Therefore, database queries may be performed during view rendering. Explicitly configure spring.jpa.open-in-view to disable this warning
2021-06-30 16:44:39.617  INFO 10997 --- [main] o.s.b.w.embedded.tomcat.TomcatWebServer  : Tomcat started on port(s): 8080 (http) with context path ''
2021-06-30 16:44:39.623  INFO 10997 --- [main] c.a.k.SpringKotlinExampleApplicationKt   : Started SpringKotlinExampleApplicationKt in 1.511 seconds (JVM running for 1.696)
2021-06-30 16:45:16.005  INFO 10997 --- [http-nio-8080-exec-1] o.a.c.c.C.[Tomcat].[localhost].[/]       : Initializing Spring DispatcherServlet 'dispatcherServlet'
2021-06-30 16:45:16.005  INFO 10997 --- [http-nio-8080-exec-1] o.s.web.servlet.DispatcherServlet        : Initializing Servlet 'dispatcherServlet'
2021-06-30 16:45:16.006  INFO 10997 --- [http-nio-8080-exec-1] o.s.web.servlet.DispatcherServlet        : Completed initialization in 1 ms
2021-06-30 16:45:38.109  INFO 10997 --- [SpringApplicationShutdownHook] j.LocalContainerEntityManagerFactoryBean : Closing JPA EntityManagerFactory for persistence unit 'default'
2021-06-30 16:45:38.112  INFO 10997 --- [SpringApplicationShutdownHook] com.zaxxer.hikari.HikariDataSource       : HikariPool-1 - Shutdown initiated...
2021-06-30 16:45:38.116  INFO 10997 --- [SpringApplicationShutdownHook] com.zaxxer.hikari.HikariDataSource       : HikariPool-1 - Shutdown completed.
2021-06-30 16:46:00.398  INFO 11138 --- [main] c.a.k.SpringKotlinExampleApplicationKt   : Starting SpringKotlinExampleApplicationKt using Java 11.0.11 on alejandro-IdeaPad with PID 11138 (/home/alejandro/Projects/Spring/spring-kotlin-example/target/classes started by alejandro in /home/alejandro/Projects/Spring/spring-kotlin-example)
2021-06-30 16:46:00.399  INFO 11138 --- [main] c.a.k.SpringKotlinExampleApplicationKt   : No active profile set, falling back to default profiles: default
2021-06-30 16:46:00.728  INFO 11138 --- [main] .s.d.r.c.RepositoryConfigurationDelegate : Bootstrapping Spring Data JPA repositories in DEFAULT mode.
2021-06-30 16:46:00.753  INFO 11138 --- [main] .s.d.r.c.RepositoryConfigurationDelegate : Finished Spring Data repository scanning in 21 ms. Found 2 JPA repository interfaces.
2021-06-30 16:46:00.946  INFO 11138 --- [main] o.s.b.w.embedded.tomcat.TomcatWebServer  : Tomcat initialized with port(s): 8080 (http)
2021-06-30 16:46:00.951  INFO 11138 --- [main] o.apache.catalina.core.StandardService   : Starting service [Tomcat]
2021-06-30 16:46:00.951  INFO 11138 --- [main] org.apache.catalina.core.StandardEngine  : Starting Servlet engine: [Apache Tomcat/9.0.46]
2021-06-30 16:46:00.988  INFO 11138 --- [main] o.a.c.c.C.[Tomcat].[localhost].[/api]    : Initializing Spring embedded WebApplicationContext
2021-06-30 16:46:00.988  INFO 11138 --- [main] w.s.c.ServletWebServerApplicationContext : Root WebApplicationContext: initialization completed in 562 ms
2021-06-30 16:46:01.039  INFO 11138 --- [main] com.zaxxer.hikari.HikariDataSource       : HikariPool-1 - Starting...
2021-06-30 16:46:01.072  INFO 11138 --- [main] com.zaxxer.hikari.HikariDataSource       : HikariPool-1 - Start completed.
2021-06-30 16:46:01.116  INFO 11138 --- [main] o.hibernate.jpa.internal.util.LogHelper  : HHH000204: Processing PersistenceUnitInfo [name: default]
2021-06-30 16:46:01.133  INFO 11138 --- [main] org.hibernate.Version                    : HHH000412: Hibernate ORM core version 5.4.32.Final
2021-06-30 16:46:01.179  INFO 11138 --- [main] o.hibernate.annotations.common.Version   : HCANN000001: Hibernate Commons Annotations {5.1.2.Final}
2021-06-30 16:46:01.239  INFO 11138 --- [main] org.hibernate.dialect.Dialect            : HHH000400: Using dialect: org.hibernate.dialect.PostgreSQLDialect
2021-06-30 16:46:01.412  INFO 11138 --- [main] o.h.e.t.j.p.i.JtaPlatformInitiator       : HHH000490: Using JtaPlatform implementation: [org.hibernate.engine.transaction.jta.platform.internal.NoJtaPlatform]
2021-06-30 16:46:01.416  INFO 11138 --- [main] j.LocalContainerEntityManagerFactoryBean : Initialized JPA EntityManagerFactory for persistence unit 'default'
2021-06-30 16:46:01.603  WARN 11138 --- [main] JpaBaseConfiguration$JpaWebConfiguration : spring.jpa.open-in-view is enabled by default. Therefore, database queries may be performed during view rendering. Explicitly configure spring.jpa.open-in-view to disable this warning
2021-06-30 16:46:01.746  INFO 11138 --- [main] o.s.b.w.embedded.tomcat.TomcatWebServer  : Tomcat started on port(s): 8080 (http) with context path '/api'
2021-06-30 16:46:01.752  INFO 11138 --- [main] c.a.k.SpringKotlinExampleApplicationKt   : Started SpringKotlinExampleApplicationKt in 1.541 seconds (JVM running for 1.714)
2021-06-30 16:46:02.918  INFO 11138 --- [http-nio-8080-exec-2] o.a.c.c.C.[Tomcat].[localhost].[/api]    : Initializing Spring DispatcherServlet 'dispatcherServlet'
2021-06-30 16:46:02.919  INFO 11138 --- [http-nio-8080-exec-2] o.s.web.servlet.DispatcherServlet        : Initializing Servlet 'dispatcherServlet'
2021-06-30 16:46:02.920  INFO 11138 --- [http-nio-8080-exec-2] o.s.web.servlet.DispatcherServlet        : Completed initialization in 1 ms
2021-06-30 16:46:19.245  INFO 11138 --- [SpringApplicationShutdownHook] j.LocalContainerEntityManagerFactoryBean : Closing JPA EntityManagerFactory for persistence unit 'default'
2021-06-30 16:46:19.247  INFO 11138 --- [SpringApplicationShutdownHook] com.zaxxer.hikari.HikariDataSource       : HikariPool-1 - Shutdown initiated...
2021-06-30 16:46:19.251  INFO 11138 --- [SpringApplicationShutdownHook] com.zaxxer.hikari.HikariDataSource       : HikariPool-1 - Shutdown completed.
2021-06-30 16:46:28.914  INFO 11253 --- [main] c.a.k.SpringKotlinExampleApplicationKt   : Starting SpringKotlinExampleApplicationKt using Java 11.0.11 on alejandro-IdeaPad with PID 11253 (/home/alejandro/Projects/Spring/spring-kotlin-example/target/classes started by alejandro in /home/alejandro/Projects/Spring/spring-kotlin-example)
2021-06-30 16:46:28.915  INFO 11253 --- [main] c.a.k.SpringKotlinExampleApplicationKt   : No active profile set, falling back to default profiles: default
2021-06-30 16:46:29.256  INFO 11253 --- [main] .s.d.r.c.RepositoryConfigurationDelegate : Bootstrapping Spring Data JPA repositories in DEFAULT mode.
2021-06-30 16:46:29.281  INFO 11253 --- [main] .s.d.r.c.RepositoryConfigurationDelegate : Finished Spring Data repository scanning in 21 ms. Found 2 JPA repository interfaces.
2021-06-30 16:46:29.473  INFO 11253 --- [main] o.s.b.w.embedded.tomcat.TomcatWebServer  : Tomcat initialized with port(s): 8080 (http)
2021-06-30 16:46:29.478  INFO 11253 --- [main] o.apache.catalina.core.StandardService   : Starting service [Tomcat]
2021-06-30 16:46:29.478  INFO 11253 --- [main] org.apache.catalina.core.StandardEngine  : Starting Servlet engine: [Apache Tomcat/9.0.46]
2021-06-30 16:46:29.515  INFO 11253 --- [main] o.a.c.c.C.[Tomcat].[localhost].[/api]    : Initializing Spring embedded WebApplicationContext
2021-06-30 16:46:29.516  INFO 11253 --- [main] w.s.c.ServletWebServerApplicationContext : Root WebApplicationContext: initialization completed in 570 ms
2021-06-30 16:46:29.561  INFO 11253 --- [main] com.zaxxer.hikari.HikariDataSource       : HikariPool-1 - Starting...
2021-06-30 16:46:29.594  INFO 11253 --- [main] com.zaxxer.hikari.HikariDataSource       : HikariPool-1 - Start completed.
2021-06-30 16:46:29.640  INFO 11253 --- [main] o.hibernate.jpa.internal.util.LogHelper  : HHH000204: Processing PersistenceUnitInfo [name: default]
2021-06-30 16:46:29.657  INFO 11253 --- [main] org.hibernate.Version                    : HHH000412: Hibernate ORM core version 5.4.32.Final
2021-06-30 16:46:29.704  INFO 11253 --- [main] o.hibernate.annotations.common.Version   : HCANN000001: Hibernate Commons Annotations {5.1.2.Final}
2021-06-30 16:46:29.759  INFO 11253 --- [main] org.hibernate.dialect.Dialect            : HHH000400: Using dialect: org.hibernate.dialect.PostgreSQLDialect
2021-06-30 16:46:29.942  INFO 11253 --- [main] o.h.e.t.j.p.i.JtaPlatformInitiator       : HHH000490: Using JtaPlatform implementation: [org.hibernate.engine.transaction.jta.platform.internal.NoJtaPlatform]
2021-06-30 16:46:29.947  INFO 11253 --- [main] j.LocalContainerEntityManagerFactoryBean : Initialized JPA EntityManagerFactory for persistence unit 'default'
2021-06-30 16:46:30.142  WARN 11253 --- [main] JpaBaseConfiguration$JpaWebConfiguration : spring.jpa.open-in-view is enabled by default. Therefore, database queries may be performed during view rendering. Explicitly configure spring.jpa.open-in-view to disable this warning
2021-06-30 16:46:30.297  INFO 11253 --- [main] o.s.b.w.embedded.tomcat.TomcatWebServer  : Tomcat started on port(s): 8080 (http) with context path '/api'
2021-06-30 16:46:30.303  INFO 11253 --- [main] c.a.k.SpringKotlinExampleApplicationKt   : Started SpringKotlinExampleApplicationKt in 1.586 seconds (JVM running for 1.777)
2021-06-30 16:46:50.406  INFO 11253 --- [http-nio-8080-exec-3] o.a.c.c.C.[Tomcat].[localhost].[/api]    : Initializing Spring DispatcherServlet 'dispatcherServlet'
2021-06-30 16:46:50.406  INFO 11253 --- [http-nio-8080-exec-3] o.s.web.servlet.DispatcherServlet        : Initializing Servlet 'dispatcherServlet'
2021-06-30 16:46:50.407  INFO 11253 --- [http-nio-8080-exec-3] o.s.web.servlet.DispatcherServlet        : Completed initialization in 1 ms
2021-06-30 16:46:50.477 DEBUG 11253 --- [http-nio-8080-exec-3] org.hibernate.SQL                        : select count(*) as col_0_0_ from company companyent0_ where companyent0_.id=?
2021-06-30 16:46:50.480 TRACE 11253 --- [http-nio-8080-exec-3] o.h.type.descriptor.sql.BasicBinder      : binding parameter [1] as [BIGINT] - [1]
2021-06-30 16:46:50.487 DEBUG 11253 --- [http-nio-8080-exec-3] org.hibernate.SQL                        : select companyent0_.id as id1_0_0_, companyent0_.foundation_date as foundati2_0_0_, companyent0_.founder as founder3_0_0_, companyent0_.logo as logo4_0_0_, companyent0_.name as name5_0_0_ from company companyent0_ where companyent0_.id=?
2021-06-30 16:46:50.488 TRACE 11253 --- [http-nio-8080-exec-3] o.h.type.descriptor.sql.BasicBinder      : binding parameter [1] as [BIGINT] - [1]
2021-06-30 16:46:50.518 DEBUG 11253 --- [http-nio-8080-exec-3] org.hibernate.SQL                        : select websites0_.id_company as id_compa5_1_0_, websites0_.id as id1_1_0_, websites0_.id as id1_1_1_, websites0_.category as category2_1_1_, websites0_.id_company as id_compa5_1_1_, websites0_.description as descript3_1_1_, websites0_.name as name4_1_1_ from web_site websites0_ where websites0_.id_company=?
2021-06-30 16:46:50.518 TRACE 11253 --- [http-nio-8080-exec-3] o.h.type.descriptor.sql.BasicBinder      : binding parameter [1] as [BIGINT] - [1]
2021-06-30 16:46:50.523  INFO 11253 --- [http-nio-8080-exec-3] c.a.k.SpringKotlinExampleApplication     : Find by id: {"id":1,"name":"Facebook","founder":"Mark Zuckerberg","logo":null,"foundationDate":[2004,2,4],"webSites":[{"id":3,"name":"Whatsapp","category":"SERVICES","description":"Is an American chat service owned by Facebook, Inc."},{"id":2,"name":"Instagram","category":"SOCIAL_NETWORK","description":"Is an American online social media and social networking service owned by Facebook, Inc."},{"id":1,"name":"Facebook","category":"SOCIAL_NETWORK","description":"Is an American online social media and social networking service owned by Facebook, Inc."}]}
2021-06-30 16:47:56.541  INFO 11253 --- [SpringApplicationShutdownHook] j.LocalContainerEntityManagerFactoryBean : Closing JPA EntityManagerFactory for persistence unit 'default'
2021-06-30 16:47:56.542  INFO 11253 --- [SpringApplicationShutdownHook] com.zaxxer.hikari.HikariDataSource       : HikariPool-1 - Shutdown initiated...
2021-06-30 16:47:56.548  INFO 11253 --- [SpringApplicationShutdownHook] com.zaxxer.hikari.HikariDataSource       : HikariPool-1 - Shutdown completed.
2021-06-30 16:48:05.311  INFO 11496 --- [main] c.a.k.SpringKotlinExampleApplicationKt   : Starting SpringKotlinExampleApplicationKt using Java 11.0.11 on alejandro-IdeaPad with PID 11496 (/home/alejandro/Projects/Spring/spring-kotlin-example/target/classes started by alejandro in /home/alejandro/Projects/Spring/spring-kotlin-example)
2021-06-30 16:48:05.312  INFO 11496 --- [main] c.a.k.SpringKotlinExampleApplicationKt   : No active profile set, falling back to default profiles: default
2021-06-30 16:48:05.656  INFO 11496 --- [main] .s.d.r.c.RepositoryConfigurationDelegate : Bootstrapping Spring Data JPA repositories in DEFAULT mode.
2021-06-30 16:48:05.683  INFO 11496 --- [main] .s.d.r.c.RepositoryConfigurationDelegate : Finished Spring Data repository scanning in 22 ms. Found 2 JPA repository interfaces.
2021-06-30 16:48:05.902  INFO 11496 --- [main] o.s.b.w.embedded.tomcat.TomcatWebServer  : Tomcat initialized with port(s): 8080 (http)
2021-06-30 16:48:05.907  INFO 11496 --- [main] o.apache.catalina.core.StandardService   : Starting service [Tomcat]
2021-06-30 16:48:05.907  INFO 11496 --- [main] org.apache.catalina.core.StandardEngine  : Starting Servlet engine: [Apache Tomcat/9.0.46]
2021-06-30 16:48:05.940  INFO 11496 --- [main] o.a.c.c.C.[Tomcat].[localhost].[/api]    : Initializing Spring embedded WebApplicationContext
2021-06-30 16:48:05.940  INFO 11496 --- [main] w.s.c.ServletWebServerApplicationContext : Root WebApplicationContext: initialization completed in 596 ms
2021-06-30 16:48:05.989  INFO 11496 --- [main] com.zaxxer.hikari.HikariDataSource       : HikariPool-1 - Starting...
2021-06-30 16:48:06.025  INFO 11496 --- [main] com.zaxxer.hikari.HikariDataSource       : HikariPool-1 - Start completed.
2021-06-30 16:48:06.071  INFO 11496 --- [main] o.hibernate.jpa.internal.util.LogHelper  : HHH000204: Processing PersistenceUnitInfo [name: default]
2021-06-30 16:48:06.089  INFO 11496 --- [main] org.hibernate.Version                    : HHH000412: Hibernate ORM core version 5.4.32.Final
2021-06-30 16:48:06.142  INFO 11496 --- [main] o.hibernate.annotations.common.Version   : HCANN000001: Hibernate Commons Annotations {5.1.2.Final}
2021-06-30 16:48:06.196  INFO 11496 --- [main] org.hibernate.dialect.Dialect            : HHH000400: Using dialect: org.hibernate.dialect.PostgreSQLDialect
2021-06-30 16:48:06.391  INFO 11496 --- [main] o.h.e.t.j.p.i.JtaPlatformInitiator       : HHH000490: Using JtaPlatform implementation: [org.hibernate.engine.transaction.jta.platform.internal.NoJtaPlatform]
2021-06-30 16:48:06.397  INFO 11496 --- [main] j.LocalContainerEntityManagerFactoryBean : Initialized JPA EntityManagerFactory for persistence unit 'default'
2021-06-30 16:48:06.628  WARN 11496 --- [main] JpaBaseConfiguration$JpaWebConfiguration : spring.jpa.open-in-view is enabled by default. Therefore, database queries may be performed during view rendering. Explicitly configure spring.jpa.open-in-view to disable this warning
2021-06-30 16:48:06.801  INFO 11496 --- [main] o.s.b.w.embedded.tomcat.TomcatWebServer  : Tomcat started on port(s): 8080 (http) with context path '/api'
2021-06-30 16:48:06.808  INFO 11496 --- [main] c.a.k.SpringKotlinExampleApplicationKt   : Started SpringKotlinExampleApplicationKt in 1.698 seconds (JVM running for 1.902)
2021-06-30 16:48:07.927  INFO 11496 --- [http-nio-8080-exec-1] o.a.c.c.C.[Tomcat].[localhost].[/api]    : Initializing Spring DispatcherServlet 'dispatcherServlet'
2021-06-30 16:48:07.927  INFO 11496 --- [http-nio-8080-exec-1] o.s.web.servlet.DispatcherServlet        : Initializing Servlet 'dispatcherServlet'
2021-06-30 16:48:07.928  INFO 11496 --- [http-nio-8080-exec-1] o.s.web.servlet.DispatcherServlet        : Completed initialization in 0 ms
2021-06-30 16:48:16.199  INFO 11496 --- [SpringApplicationShutdownHook] j.LocalContainerEntityManagerFactoryBean : Closing JPA EntityManagerFactory for persistence unit 'default'
2021-06-30 16:48:16.200  INFO 11496 --- [SpringApplicationShutdownHook] com.zaxxer.hikari.HikariDataSource       : HikariPool-1 - Shutdown initiated...
2021-06-30 16:48:16.205  INFO 11496 --- [SpringApplicationShutdownHook] com.zaxxer.hikari.HikariDataSource       : HikariPool-1 - Shutdown completed.
2021-06-30 16:48:24.775  INFO 11610 --- [main] c.a.k.SpringKotlinExampleApplicationKt   : Starting SpringKotlinExampleApplicationKt using Java 11.0.11 on alejandro-IdeaPad with PID 11610 (/home/alejandro/Projects/Spring/spring-kotlin-example/target/classes started by alejandro in /home/alejandro/Projects/Spring/spring-kotlin-example)
2021-06-30 16:48:24.776  INFO 11610 --- [main] c.a.k.SpringKotlinExampleApplicationKt   : No active profile set, falling back to default profiles: default
2021-06-30 16:48:25.101  INFO 11610 --- [main] .s.d.r.c.RepositoryConfigurationDelegate : Bootstrapping Spring Data JPA repositories in DEFAULT mode.
2021-06-30 16:48:25.134  INFO 11610 --- [main] .s.d.r.c.RepositoryConfigurationDelegate : Finished Spring Data repository scanning in 28 ms. Found 2 JPA repository interfaces.
2021-06-30 16:48:25.335  INFO 11610 --- [main] o.s.b.w.embedded.tomcat.TomcatWebServer  : Tomcat initialized with port(s): 8080 (http)
2021-06-30 16:48:25.339  INFO 11610 --- [main] o.apache.catalina.core.StandardService   : Starting service [Tomcat]
2021-06-30 16:48:25.339  INFO 11610 --- [main] org.apache.catalina.core.StandardEngine  : Starting Servlet engine: [Apache Tomcat/9.0.46]
2021-06-30 16:48:25.380  INFO 11610 --- [main] o.a.c.c.C.[Tomcat].[localhost].[/api]    : Initializing Spring embedded WebApplicationContext
2021-06-30 16:48:25.380  INFO 11610 --- [main] w.s.c.ServletWebServerApplicationContext : Root WebApplicationContext: initialization completed in 579 ms
2021-06-30 16:48:25.437  INFO 11610 --- [main] com.zaxxer.hikari.HikariDataSource       : HikariPool-1 - Starting...
2021-06-30 16:48:25.472  INFO 11610 --- [main] com.zaxxer.hikari.HikariDataSource       : HikariPool-1 - Start completed.
2021-06-30 16:48:25.521  INFO 11610 --- [main] o.hibernate.jpa.internal.util.LogHelper  : HHH000204: Processing PersistenceUnitInfo [name: default]
2021-06-30 16:48:25.539  INFO 11610 --- [main] org.hibernate.Version                    : HHH000412: Hibernate ORM core version 5.4.32.Final
2021-06-30 16:48:25.591  INFO 11610 --- [main] o.hibernate.annotations.common.Version   : HCANN000001: Hibernate Commons Annotations {5.1.2.Final}
2021-06-30 16:48:25.648  INFO 11610 --- [main] org.hibernate.dialect.Dialect            : HHH000400: Using dialect: org.hibernate.dialect.PostgreSQLDialect
2021-06-30 16:48:25.842  INFO 11610 --- [main] o.h.e.t.j.p.i.JtaPlatformInitiator       : HHH000490: Using JtaPlatform implementation: [org.hibernate.engine.transaction.jta.platform.internal.NoJtaPlatform]
2021-06-30 16:48:25.848  INFO 11610 --- [main] j.LocalContainerEntityManagerFactoryBean : Initialized JPA EntityManagerFactory for persistence unit 'default'
2021-06-30 16:48:26.068  WARN 11610 --- [main] JpaBaseConfiguration$JpaWebConfiguration : spring.jpa.open-in-view is enabled by default. Therefore, database queries may be performed during view rendering. Explicitly configure spring.jpa.open-in-view to disable this warning
2021-06-30 16:48:26.216  INFO 11610 --- [main] o.s.b.w.embedded.tomcat.TomcatWebServer  : Tomcat started on port(s): 8080 (http) with context path '/api'
2021-06-30 16:48:26.222  INFO 11610 --- [main] c.a.k.SpringKotlinExampleApplicationKt   : Started SpringKotlinExampleApplicationKt in 1.636 seconds (JVM running for 1.845)
2021-06-30 16:48:27.583  INFO 11610 --- [http-nio-8080-exec-2] o.a.c.c.C.[Tomcat].[localhost].[/api]    : Initializing Spring DispatcherServlet 'dispatcherServlet'
2021-06-30 16:48:27.584  INFO 11610 --- [http-nio-8080-exec-2] o.s.web.servlet.DispatcherServlet        : Initializing Servlet 'dispatcherServlet'
2021-06-30 16:48:27.584  INFO 11610 --- [http-nio-8080-exec-2] o.s.web.servlet.DispatcherServlet        : Completed initialization in 0 ms
2021-06-30 16:48:50.604  INFO 11610 --- [SpringApplicationShutdownHook] j.LocalContainerEntityManagerFactoryBean : Closing JPA EntityManagerFactory for persistence unit 'default'
2021-06-30 16:48:50.606  INFO 11610 --- [SpringApplicationShutdownHook] com.zaxxer.hikari.HikariDataSource       : HikariPool-1 - Shutdown initiated...
2021-06-30 16:48:50.609  INFO 11610 --- [SpringApplicationShutdownHook] com.zaxxer.hikari.HikariDataSource       : HikariPool-1 - Shutdown completed.
2021-06-30 16:48:58.981  INFO 11726 --- [main] c.a.k.SpringKotlinExampleApplicationKt   : Starting SpringKotlinExampleApplicationKt using Java 11.0.11 on alejandro-IdeaPad with PID 11726 (/home/alejandro/Projects/Spring/spring-kotlin-example/target/classes started by alejandro in /home/alejandro/Projects/Spring/spring-kotlin-example)
2021-06-30 16:48:58.982  INFO 11726 --- [main] c.a.k.SpringKotlinExampleApplicationKt   : No active profile set, falling back to default profiles: default
2021-06-30 16:48:59.298  INFO 11726 --- [main] .s.d.r.c.RepositoryConfigurationDelegate : Bootstrapping Spring Data JPA repositories in DEFAULT mode.
2021-06-30 16:48:59.324  INFO 11726 --- [main] .s.d.r.c.RepositoryConfigurationDelegate : Finished Spring Data repository scanning in 21 ms. Found 2 JPA repository interfaces.
2021-06-30 16:48:59.516  INFO 11726 --- [main] o.s.b.w.embedded.tomcat.TomcatWebServer  : Tomcat initialized with port(s): 8080 (http)
2021-06-30 16:48:59.521  INFO 11726 --- [main] o.apache.catalina.core.StandardService   : Starting service [Tomcat]
2021-06-30 16:48:59.522  INFO 11726 --- [main] org.apache.catalina.core.StandardEngine  : Starting Servlet engine: [Apache Tomcat/9.0.46]
2021-06-30 16:48:59.553  INFO 11726 --- [main] o.a.c.c.C.[Tomcat].[localhost].[/api]    : Initializing Spring embedded WebApplicationContext
2021-06-30 16:48:59.554  INFO 11726 --- [main] w.s.c.ServletWebServerApplicationContext : Root WebApplicationContext: initialization completed in 547 ms
2021-06-30 16:48:59.608  INFO 11726 --- [main] com.zaxxer.hikari.HikariDataSource       : HikariPool-1 - Starting...
2021-06-30 16:48:59.641  INFO 11726 --- [main] com.zaxxer.hikari.HikariDataSource       : HikariPool-1 - Start completed.
2021-06-30 16:48:59.687  INFO 11726 --- [main] o.hibernate.jpa.internal.util.LogHelper  : HHH000204: Processing PersistenceUnitInfo [name: default]
2021-06-30 16:48:59.703  INFO 11726 --- [main] org.hibernate.Version                    : HHH000412: Hibernate ORM core version 5.4.32.Final
2021-06-30 16:48:59.749  INFO 11726 --- [main] o.hibernate.annotations.common.Version   : HCANN000001: Hibernate Commons Annotations {5.1.2.Final}
2021-06-30 16:48:59.814  INFO 11726 --- [main] org.hibernate.dialect.Dialect            : HHH000400: Using dialect: org.hibernate.dialect.PostgreSQLDialect
2021-06-30 16:48:59.985  INFO 11726 --- [main] o.h.e.t.j.p.i.JtaPlatformInitiator       : HHH000490: Using JtaPlatform implementation: [org.hibernate.engine.transaction.jta.platform.internal.NoJtaPlatform]
2021-06-30 16:48:59.989  INFO 11726 --- [main] j.LocalContainerEntityManagerFactoryBean : Initialized JPA EntityManagerFactory for persistence unit 'default'
2021-06-30 16:49:00.186  WARN 11726 --- [main] JpaBaseConfiguration$JpaWebConfiguration : spring.jpa.open-in-view is enabled by default. Therefore, database queries may be performed during view rendering. Explicitly configure spring.jpa.open-in-view to disable this warning
2021-06-30 16:49:00.333  INFO 11726 --- [main] o.s.b.w.embedded.tomcat.TomcatWebServer  : Tomcat started on port(s): 8080 (http) with context path '/api'
2021-06-30 16:49:00.339  INFO 11726 --- [main] c.a.k.SpringKotlinExampleApplicationKt   : Started SpringKotlinExampleApplicationKt in 1.551 seconds (JVM running for 1.718)
2021-06-30 16:49:01.715  INFO 11726 --- [http-nio-8080-exec-1] o.a.c.c.C.[Tomcat].[localhost].[/api]    : Initializing Spring DispatcherServlet 'dispatcherServlet'
2021-06-30 16:49:01.716  INFO 11726 --- [http-nio-8080-exec-1] o.s.web.servlet.DispatcherServlet        : Initializing Servlet 'dispatcherServlet'
2021-06-30 16:49:01.716  INFO 11726 --- [http-nio-8080-exec-1] o.s.web.servlet.DispatcherServlet        : Completed initialization in 0 ms
2021-06-30 16:49:44.078  INFO 11726 --- [SpringApplicationShutdownHook] j.LocalContainerEntityManagerFactoryBean : Closing JPA EntityManagerFactory for persistence unit 'default'
2021-06-30 16:49:44.079  INFO 11726 --- [SpringApplicationShutdownHook] com.zaxxer.hikari.HikariDataSource       : HikariPool-1 - Shutdown initiated...
2021-06-30 16:49:44.083  INFO 11726 --- [SpringApplicationShutdownHook] com.zaxxer.hikari.HikariDataSource       : HikariPool-1 - Shutdown completed.
2021-06-30 16:49:52.572  INFO 11879 --- [main] c.a.k.SpringKotlinExampleApplicationKt   : Starting SpringKotlinExampleApplicationKt using Java 11.0.11 on alejandro-IdeaPad with PID 11879 (/home/alejandro/Projects/Spring/spring-kotlin-example/target/classes started by alejandro in /home/alejandro/Projects/Spring/spring-kotlin-example)
2021-06-30 16:49:52.573  INFO 11879 --- [main] c.a.k.SpringKotlinExampleApplicationKt   : No active profile set, falling back to default profiles: default
2021-06-30 16:49:52.929  INFO 11879 --- [main] .s.d.r.c.RepositoryConfigurationDelegate : Bootstrapping Spring Data JPA repositories in DEFAULT mode.
2021-06-30 16:49:52.955  INFO 11879 --- [main] .s.d.r.c.RepositoryConfigurationDelegate : Finished Spring Data repository scanning in 22 ms. Found 2 JPA repository interfaces.
2021-06-30 16:49:53.150  INFO 11879 --- [main] o.s.b.w.embedded.tomcat.TomcatWebServer  : Tomcat initialized with port(s): 8080 (http)
2021-06-30 16:49:53.155  INFO 11879 --- [main] o.apache.catalina.core.StandardService   : Starting service [Tomcat]
2021-06-30 16:49:53.155  INFO 11879 --- [main] org.apache.catalina.core.StandardEngine  : Starting Servlet engine: [Apache Tomcat/9.0.46]
2021-06-30 16:49:53.196  INFO 11879 --- [main] o.a.c.c.C.[Tomcat].[localhost].[/api]    : Initializing Spring embedded WebApplicationContext
2021-06-30 16:49:53.196  INFO 11879 --- [main] w.s.c.ServletWebServerApplicationContext : Root WebApplicationContext: initialization completed in 599 ms
2021-06-30 16:49:53.244  INFO 11879 --- [main] com.zaxxer.hikari.HikariDataSource       : HikariPool-1 - Starting...
2021-06-30 16:49:53.277  INFO 11879 --- [main] com.zaxxer.hikari.HikariDataSource       : HikariPool-1 - Start completed.
2021-06-30 16:49:53.318  INFO 11879 --- [main] o.hibernate.jpa.internal.util.LogHelper  : HHH000204: Processing PersistenceUnitInfo [name: default]
2021-06-30 16:49:53.334  INFO 11879 --- [main] org.hibernate.Version                    : HHH000412: Hibernate ORM core version 5.4.32.Final
2021-06-30 16:49:53.378  INFO 11879 --- [main] o.hibernate.annotations.common.Version   : HCANN000001: Hibernate Commons Annotations {5.1.2.Final}
2021-06-30 16:49:53.444  INFO 11879 --- [main] org.hibernate.dialect.Dialect            : HHH000400: Using dialect: org.hibernate.dialect.PostgreSQLDialect
2021-06-30 16:49:53.609  INFO 11879 --- [main] o.h.e.t.j.p.i.JtaPlatformInitiator       : HHH000490: Using JtaPlatform implementation: [org.hibernate.engine.transaction.jta.platform.internal.NoJtaPlatform]
2021-06-30 16:49:53.613  INFO 11879 --- [main] j.LocalContainerEntityManagerFactoryBean : Initialized JPA EntityManagerFactory for persistence unit 'default'
2021-06-30 16:49:53.793  WARN 11879 --- [main] JpaBaseConfiguration$JpaWebConfiguration : spring.jpa.open-in-view is enabled by default. Therefore, database queries may be performed during view rendering. Explicitly configure spring.jpa.open-in-view to disable this warning
2021-06-30 16:49:53.934  INFO 11879 --- [main] o.s.b.w.embedded.tomcat.TomcatWebServer  : Tomcat started on port(s): 8080 (http) with context path '/api'
2021-06-30 16:49:53.940  INFO 11879 --- [main] c.a.k.SpringKotlinExampleApplicationKt   : Started SpringKotlinExampleApplicationKt in 1.562 seconds (JVM running for 1.737)
2021-06-30 16:49:54.772  INFO 11879 --- [http-nio-8080-exec-2] o.a.c.c.C.[Tomcat].[localhost].[/api]    : Initializing Spring DispatcherServlet 'dispatcherServlet'
2021-06-30 16:49:54.772  INFO 11879 --- [http-nio-8080-exec-2] o.s.web.servlet.DispatcherServlet        : Initializing Servlet 'dispatcherServlet'
2021-06-30 16:49:54.773  INFO 11879 --- [http-nio-8080-exec-2] o.s.web.servlet.DispatcherServlet        : Completed initialization in 1 ms
2021-06-30 16:49:54.840 DEBUG 11879 --- [http-nio-8080-exec-2] org.hibernate.SQL                        : select count(*) as col_0_0_ from company companyent0_ where companyent0_.id=?
2021-06-30 16:49:54.842 TRACE 11879 --- [http-nio-8080-exec-2] o.h.type.descriptor.sql.BasicBinder      : binding parameter [1] as [BIGINT] - [1]
2021-06-30 16:49:54.849 DEBUG 11879 --- [http-nio-8080-exec-2] org.hibernate.SQL                        : select companyent0_.id as id1_0_0_, companyent0_.foundation_date as foundati2_0_0_, companyent0_.founder as founder3_0_0_, companyent0_.logo as logo4_0_0_, companyent0_.name as name5_0_0_ from company companyent0_ where companyent0_.id=?
2021-06-30 16:49:54.849 TRACE 11879 --- [http-nio-8080-exec-2] o.h.type.descriptor.sql.BasicBinder      : binding parameter [1] as [BIGINT] - [1]
2021-06-30 16:49:54.889 DEBUG 11879 --- [http-nio-8080-exec-2] org.hibernate.SQL                        : select websites0_.id_company as id_compa5_1_0_, websites0_.id as id1_1_0_, websites0_.id as id1_1_1_, websites0_.category as category2_1_1_, websites0_.id_company as id_compa5_1_1_, websites0_.description as descript3_1_1_, websites0_.name as name4_1_1_ from web_site websites0_ where websites0_.id_company=?
2021-06-30 16:49:54.889 TRACE 11879 --- [http-nio-8080-exec-2] o.h.type.descriptor.sql.BasicBinder      : binding parameter [1] as [BIGINT] - [1]
2021-06-30 16:49:54.894  INFO 11879 --- [http-nio-8080-exec-2] c.a.k.SpringKotlinExampleApplication     : Find by id: {"id":1,"name":"Facebook","founder":"Mark Zuckerberg","logo":null,"foundationDate":[2004,2,4],"webSites":[{"id":3,"name":"Whatsapp","category":"SERVICES","description":"Is an American chat service owned by Facebook, Inc."},{"id":2,"name":"Instagram","category":"SOCIAL_NETWORK","description":"Is an American online social media and social networking service owned by Facebook, Inc."},{"id":1,"name":"Facebook","category":"SOCIAL_NETWORK","description":"Is an American online social media and social networking service owned by Facebook, Inc."}]}
2021-06-30 16:49:57.472 DEBUG 11879 --- [http-nio-8080-exec-3] org.hibernate.SQL                        : select count(*) as col_0_0_ from company companyent0_
2021-06-30 16:49:57.488 DEBUG 11879 --- [http-nio-8080-exec-3] org.hibernate.SQL                        : select companyent0_.id as id1_0_, companyent0_.foundation_date as foundati2_0_, companyent0_.founder as founder3_0_, companyent0_.logo as logo4_0_, companyent0_.name as name5_0_ from company companyent0_ order by companyent0_.name asc limit ? offset ?
2021-06-30 16:49:57.492 DEBUG 11879 --- [http-nio-8080-exec-3] org.hibernate.SQL                        : select count(companyent0_.id) as col_0_0_ from company companyent0_
2021-06-30 16:49:57.494  INFO 11879 --- [http-nio-8080-exec-3] c.a.k.SpringKotlinExampleApplication     : Find by page: []
2021-06-30 16:50:11.341 DEBUG 11879 --- [http-nio-8080-exec-4] org.hibernate.SQL                        : select count(*) as col_0_0_ from company companyent0_
2021-06-30 16:50:11.343 DEBUG 11879 --- [http-nio-8080-exec-4] org.hibernate.SQL                        : select companyent0_.id as id1_0_, companyent0_.foundation_date as foundati2_0_, companyent0_.founder as founder3_0_, companyent0_.logo as logo4_0_, companyent0_.name as name5_0_ from company companyent0_ order by companyent0_.name asc limit ?
2021-06-30 16:50:11.345 DEBUG 11879 --- [http-nio-8080-exec-4] org.hibernate.SQL                        : select count(companyent0_.id) as col_0_0_ from company companyent0_
2021-06-30 16:50:11.347 DEBUG 11879 --- [http-nio-8080-exec-4] org.hibernate.SQL                        : select websites0_.id_company as id_compa5_1_0_, websites0_.id as id1_1_0_, websites0_.id as id1_1_1_, websites0_.category as category2_1_1_, websites0_.id_company as id_compa5_1_1_, websites0_.description as descript3_1_1_, websites0_.name as name4_1_1_ from web_site websites0_ where websites0_.id_company=?
2021-06-30 16:50:11.347 TRACE 11879 --- [http-nio-8080-exec-4] o.h.type.descriptor.sql.BasicBinder      : binding parameter [1] as [BIGINT] - [1]
2021-06-30 16:50:11.352 DEBUG 11879 --- [http-nio-8080-exec-4] org.hibernate.SQL                        : select websites0_.id_company as id_compa5_1_0_, websites0_.id as id1_1_0_, websites0_.id as id1_1_1_, websites0_.category as category2_1_1_, websites0_.id_company as id_compa5_1_1_, websites0_.description as descript3_1_1_, websites0_.name as name4_1_1_ from web_site websites0_ where websites0_.id_company=?
2021-06-30 16:50:11.352 TRACE 11879 --- [http-nio-8080-exec-4] o.h.type.descriptor.sql.BasicBinder      : binding parameter [1] as [BIGINT] - [2]
2021-06-30 16:50:11.357  INFO 11879 --- [http-nio-8080-exec-4] c.a.k.SpringKotlinExampleApplication     : Find by page: [{"id":1,"name":"Facebook","founder":"Mark Zuckerberg","logo":null,"foundationDate":[2004,2,4],"webSites":[{"id":3,"name":"Whatsapp","category":"SERVICES","description":"Is an American chat service owned by Facebook, Inc.","company":null},{"id":2,"name":"Instagram","category":"SOCIAL_NETWORK","description":"Is an American online social media and social networking service owned by Facebook, Inc.","company":null},{"id":1,"name":"Facebook","category":"SOCIAL_NETWORK","description":"Is an American online social media and social networking service owned by Facebook, Inc.","company":null}]}, {"id":2,"name":"Google","founder":"Larry Page","logo":null,"foundationDate":[1998,9,4],"webSites":[{"id":4,"name":"Gmail","category":"SERVICES","description":"Is an American email service owned by Google, Inc.","company":null},{"id":5,"name":"Youtube","category":"STREAMING","description":"Is an American online streaming service owned by Google, Inc.","company":null},{"id":6,"name":"Goggle Cloud Platform","category":"CLOUD_COMPUTING","description":"Is an American cloud computing service owned by Google, Inc.","company":null}]}]
2021-06-30 16:50:18.087  INFO 11879 --- [SpringApplicationShutdownHook] j.LocalContainerEntityManagerFactoryBean : Closing JPA EntityManagerFactory for persistence unit 'default'
2021-06-30 16:50:18.089  INFO 11879 --- [SpringApplicationShutdownHook] com.zaxxer.hikari.HikariDataSource       : HikariPool-1 - Shutdown initiated...
2021-06-30 16:50:18.093  INFO 11879 --- [SpringApplicationShutdownHook] com.zaxxer.hikari.HikariDataSource       : HikariPool-1 - Shutdown completed.
